/home/nirav24/Desktop/MRT/Assignments/Assignment 2/mrt_ws/install/nirav_assn2/lib/python3.10/site-packages/src/d_rover3.py
/home/nirav24/Desktop/MRT/Assignments/Assignment 2/mrt_ws/install/nirav_assn2/lib/python3.10/site-packages/src/d_rover1.py
/home/nirav24/Desktop/MRT/Assignments/Assignment 2/mrt_ws/install/nirav_assn2/lib/python3.10/site-packages/src/d_rover4.py
/home/nirav24/Desktop/MRT/Assignments/Assignment 2/mrt_ws/install/nirav_assn2/lib/python3.10/site-packages/src/__init__.py
/home/nirav24/Desktop/MRT/Assignments/Assignment 2/mrt_ws/install/nirav_assn2/lib/python3.10/site-packages/src/basestation.py
/home/nirav24/Desktop/MRT/Assignments/Assignment 2/mrt_ws/install/nirav_assn2/lib/python3.10/site-packages/src/d_rover2.py
/home/nirav24/Desktop/MRT/Assignments/Assignment 2/mrt_ws/install/nirav_assn2/lib/python3.10/site-packages/src/__pycache__/d_rover3.cpython-310.pyc
/home/nirav24/Desktop/MRT/Assignments/Assignment 2/mrt_ws/install/nirav_assn2/lib/python3.10/site-packages/src/__pycache__/d_rover1.cpython-310.pyc
/home/nirav24/Desktop/MRT/Assignments/Assignment 2/mrt_ws/install/nirav_assn2/lib/python3.10/site-packages/src/__pycache__/d_rover4.cpython-310.pyc
/home/nirav24/Desktop/MRT/Assignments/Assignment 2/mrt_ws/install/nirav_assn2/lib/python3.10/site-packages/src/__pycache__/__init__.cpython-310.pyc
/home/nirav24/Desktop/MRT/Assignments/Assignment 2/mrt_ws/install/nirav_assn2/lib/python3.10/site-packages/src/__pycache__/basestation.cpython-310.pyc
/home/nirav24/Desktop/MRT/Assignments/Assignment 2/mrt_ws/install/nirav_assn2/lib/python3.10/site-packages/src/__pycache__/d_rover2.cpython-310.pyc
/home/nirav24/Desktop/MRT/Assignments/Assignment 2/mrt_ws/install/nirav_assn2/share/ament_index/resource_index/packages/nirav_assn2
/home/nirav24/Desktop/MRT/Assignments/Assignment 2/mrt_ws/install/nirav_assn2/share/nirav_assn2/package.xml
/home/nirav24/Desktop/MRT/Assignments/Assignment 2/mrt_ws/install/nirav_assn2/lib/python3.10/site-packages/nirav_assn2-0.0.0-py3.10.egg-info/entry_points.txt
/home/nirav24/Desktop/MRT/Assignments/Assignment 2/mrt_ws/install/nirav_assn2/lib/python3.10/site-packages/nirav_assn2-0.0.0-py3.10.egg-info/dependency_links.txt
/home/nirav24/Desktop/MRT/Assignments/Assignment 2/mrt_ws/install/nirav_assn2/lib/python3.10/site-packages/nirav_assn2-0.0.0-py3.10.egg-info/requires.txt
/home/nirav24/Desktop/MRT/Assignments/Assignment 2/mrt_ws/install/nirav_assn2/lib/python3.10/site-packages/nirav_assn2-0.0.0-py3.10.egg-info/zip-safe
/home/nirav24/Desktop/MRT/Assignments/Assignment 2/mrt_ws/install/nirav_assn2/lib/python3.10/site-packages/nirav_assn2-0.0.0-py3.10.egg-info/top_level.txt
/home/nirav24/Desktop/MRT/Assignments/Assignment 2/mrt_ws/install/nirav_assn2/lib/python3.10/site-packages/nirav_assn2-0.0.0-py3.10.egg-info/SOURCES.txt
/home/nirav24/Desktop/MRT/Assignments/Assignment 2/mrt_ws/install/nirav_assn2/lib/python3.10/site-packages/nirav_assn2-0.0.0-py3.10.egg-info/PKG-INFO
/home/nirav24/Desktop/MRT/Assignments/Assignment 2/mrt_ws/install/nirav_assn2/lib/nirav_assn2/basestation
/home/nirav24/Desktop/MRT/Assignments/Assignment 2/mrt_ws/install/nirav_assn2/lib/nirav_assn2/d_rover2
/home/nirav24/Desktop/MRT/Assignments/Assignment 2/mrt_ws/install/nirav_assn2/lib/nirav_assn2/d_rover3
/home/nirav24/Desktop/MRT/Assignments/Assignment 2/mrt_ws/install/nirav_assn2/lib/nirav_assn2/d_rover4
